14:31:29.205 logback-com.chunqiu [http-nio-8008-exec-6] WARN  o.s.w.s.m.m.a.ExceptionHandlerExceptionResolver - Resolved [org.springframework.dao.QueryTimeoutException: Redis command timed out; nested exception is io.lettuce.core.RedisCommandTimeoutException: Command timed out]
14:31:41.351 logback-com.chunqiu [http-nio-8008-exec-8] WARN  o.s.w.s.m.m.a.ExceptionHandlerExceptionResolver - Resolved [org.springframework.dao.QueryTimeoutException: Redis command timed out; nested exception is io.lettuce.core.RedisCommandTimeoutException: Command timed out]
14:32:03.397 logback-com.chunqiu [Thread-38] WARN  o.s.d.r.l.RedisMessageListenerContainer - Unable to unsubscribe from subscriptions
io.lettuce.core.RedisCommandTimeoutException: Command timed out
	at io.lettuce.core.LettuceFutures.awaitOrCancel(LettuceFutures.java:114)
	at io.lettuce.core.FutureSyncInvocationHandler.handleInvocation(FutureSyncInvocationHandler.java:62)
	at io.lettuce.core.internal.AbstractInvocationHandler.invoke(AbstractInvocationHandler.java:80)
	at com.sun.proxy.$Proxy210.punsubscribe(Unknown Source)
	at org.springframework.data.redis.connection.lettuce.LettuceSubscription.doClose(LettuceSubscription.java:66)
	at org.springframework.data.redis.connection.util.AbstractSubscription.close(AbstractSubscription.java:106)
	at org.springframework.data.redis.listener.RedisMessageListenerContainer$SubscriptionTask.cancel(RedisMessageListenerContainer.java:866)
	at org.springframework.data.redis.listener.RedisMessageListenerContainer.stop(RedisMessageListenerContainer.java:225)
	at org.springframework.data.redis.listener.RedisMessageListenerContainer.stop(RedisMessageListenerContainer.java:183)
	at org.springframework.context.support.DefaultLifecycleProcessor.doStop(DefaultLifecycleProcessor.java:238)
	at org.springframework.context.support.DefaultLifecycleProcessor.access$300(DefaultLifecycleProcessor.java:53)
	at org.springframework.context.support.DefaultLifecycleProcessor$LifecycleGroup.stop(DefaultLifecycleProcessor.java:377)
	at org.springframework.context.support.DefaultLifecycleProcessor.stopBeans(DefaultLifecycleProcessor.java:210)
	at org.springframework.context.support.DefaultLifecycleProcessor.onClose(DefaultLifecycleProcessor.java:128)
	at org.springframework.context.support.AbstractApplicationContext.doClose(AbstractApplicationContext.java:1009)
	at org.springframework.context.support.AbstractApplicationContext$1.run(AbstractApplicationContext.java:937)
15:04:59.619 logback-com.chunqiu [http-nio-8008-exec-10] WARN  o.s.w.s.m.m.a.ExceptionHandlerExceptionResolver - Resolved [org.springframework.dao.QueryTimeoutException: Redis command timed out; nested exception is io.lettuce.core.RedisCommandTimeoutException: Command timed out]
15:05:09.651 logback-com.chunqiu [http-nio-8008-exec-7] WARN  o.s.w.s.m.m.a.ExceptionHandlerExceptionResolver - Resolved [org.springframework.dao.QueryTimeoutException: Redis command timed out; nested exception is io.lettuce.core.RedisCommandTimeoutException: Command timed out]
15:44:59.775 logback-com.chunqiu [Thread-36] WARN  o.s.d.r.l.RedisMessageListenerContainer - Unable to unsubscribe from subscriptions
io.lettuce.core.RedisCommandTimeoutException: Command timed out
	at io.lettuce.core.LettuceFutures.awaitOrCancel(LettuceFutures.java:114)
	at io.lettuce.core.FutureSyncInvocationHandler.handleInvocation(FutureSyncInvocationHandler.java:62)
	at io.lettuce.core.internal.AbstractInvocationHandler.invoke(AbstractInvocationHandler.java:80)
	at com.sun.proxy.$Proxy210.punsubscribe(Unknown Source)
	at org.springframework.data.redis.connection.lettuce.LettuceSubscription.doClose(LettuceSubscription.java:66)
	at org.springframework.data.redis.connection.util.AbstractSubscription.close(AbstractSubscription.java:106)
	at org.springframework.data.redis.listener.RedisMessageListenerContainer$SubscriptionTask.cancel(RedisMessageListenerContainer.java:866)
	at org.springframework.data.redis.listener.RedisMessageListenerContainer.stop(RedisMessageListenerContainer.java:225)
	at org.springframework.data.redis.listener.RedisMessageListenerContainer.stop(RedisMessageListenerContainer.java:183)
	at org.springframework.context.support.DefaultLifecycleProcessor.doStop(DefaultLifecycleProcessor.java:238)
	at org.springframework.context.support.DefaultLifecycleProcessor.access$300(DefaultLifecycleProcessor.java:53)
	at org.springframework.context.support.DefaultLifecycleProcessor$LifecycleGroup.stop(DefaultLifecycleProcessor.java:377)
	at org.springframework.context.support.DefaultLifecycleProcessor.stopBeans(DefaultLifecycleProcessor.java:210)
	at org.springframework.context.support.DefaultLifecycleProcessor.onClose(DefaultLifecycleProcessor.java:128)
	at org.springframework.context.support.AbstractApplicationContext.doClose(AbstractApplicationContext.java:1009)
	at org.springframework.context.support.AbstractApplicationContext$1.run(AbstractApplicationContext.java:937)
